17:57:19.703 [TestNG] INFO  resources.base - Navigation bar is displayed
17:57:20.454 [TestNG] INFO  resources.base - Search bar is displayed
17:57:53.180 [TestNG] INFO  resources.base - Cart is Empty
17:59:34.250 [TestNG] INFO  resources.base - Navigation bar is displayed
17:59:34.840 [TestNG] INFO  resources.base - Search bar is displayed
18:01:49.004 [TestNG] INFO  resources.base - Navigation bar is displayed
18:01:49.119 [TestNG] INFO  resources.base - Search bar is displayed
18:05:56.249 [TestNG] INFO  resources.base - Navigation bar is displayed
18:05:56.329 [TestNG] INFO  resources.base - Search bar is displayed
18:06:25.878 [TestNG] INFO  resources.base - Cart is Empty
18:08:28.478 [TestNG] INFO  resources.base - Navigation bar is displayed
18:08:28.670 [TestNG] INFO  resources.base - Search bar is displayed
18:09:02.721 [TestNG] INFO  resources.base - Cart is Empty
18:11:06.938 [TestNG] INFO  resources.base - Navigation bar is displayed
18:11:07.011 [TestNG] INFO  resources.base - Search bar is displayed
18:11:32.395 [TestNG] INFO  resources.base - Cart is Empty
18:14:48.004 [TestNG] INFO  resources.base - Navigation bar is displayed
18:14:48.155 [TestNG] INFO  resources.base - Search bar is displayed
10:05:16.297 [TestNG] INFO  resources.base - Navigation bar is displayed
10:05:17.424 [TestNG] INFO  resources.base - Search bar is displayed
10:10:40.836 [TestNG] INFO  resources.base - Navigation bar is displayed
10:10:40.932 [TestNG] INFO  resources.base - Search bar is displayed
10:24:32.647 [TestNG] INFO  resources.base - Navigation bar is displayed
10:24:32.766 [TestNG] INFO  resources.base - Search bar is displayed
13:00:50.925 [TestNG] INFO  resources.base - Navigation bar is displayed
13:00:51.439 [TestNG] INFO  resources.base - Search bar is displayed
13:01:15.271 [TestNG] INFO  resources.base - Cart is Empty
2020-02-10 13:05:44,521[TestNG] INFO  resources.base - Navigation bar is displayed
2020-02-10 13:05:44,709[TestNG] INFO  resources.base - Search bar is displayed
2020-02-10 13:08:07.882[TestNG] INFO  resources.base - Navigation bar is displayed
2020-02-10 13:08:07.945[TestNG] INFO  resources.base - Search bar is displayed
2020-02-10 13:16:07.086[TestNG] INFO  resources.base - Navigation bar is displayed
2020-02-10 13:16:07.158[TestNG] INFO  resources.base - Search bar is displayed
2020-02-10 13:16:35.643[TestNG] INFO  resources.base - Cart is Empty
2020-02-10 14:51:47.174[TestNG] INFO  resources.base - Navigation bar is displayed
2020-02-10 14:51:47.284[TestNG] INFO  resources.base - Search bar is displayed
2020-02-10 15:33:26.654[TestNG] INFO  resources.base - Navigation bar is displayed
2020-02-10 15:33:27.351[TestNG] INFO  resources.base - Search bar is displayed
2020-02-10 15:34:10.616[TestNG] INFO  resources.base - Cart is Empty
